<?xml version="1.0" encoding="UTF-8"?>
<testng-results ignored="0" total="1" passed="1" failed="0" skipped="0">
  <reporter-output>
  </reporter-output>
  <suite started-at="2025-07-24T18:14:29 IST" name="Default suite" finished-at="2025-07-24T18:17:16 IST" duration-ms="166265">
    <groups>
    </groups>
    <test started-at="2025-07-24T18:14:29 IST" name="Default test" finished-at="2025-07-24T18:17:16 IST" duration-ms="166265">
      <class name="tests.SignUpButtonTest">
        <test-method is-config="true" signature="setUpReport()[pri:0, instance:tests.SignUpButtonTest@815b41f]" started-at="2025-07-24T18:14:30 IST" name="setUpReport" finished-at="2025-07-24T18:14:30 IST" duration-ms="554" status="PASS">
          <reporter-output>
          </reporter-output>
        </test-method> <!-- setUpReport -->
        <test-method signature="testSearchInputVisible()[pri:0, instance:tests.SignUpButtonTest@815b41f]" started-at="2025-07-24T18:14:30 IST" name="testSearchInputVisible" finished-at="2025-07-24T18:17:15 IST" duration-ms="164806" status="PASS">
          <reporter-output>
          </reporter-output>
        </test-method> <!-- testSearchInputVisible -->
        <test-method is-config="true" signature="tearDownReport()[pri:0, instance:tests.SignUpButtonTest@815b41f]" started-at="2025-07-24T18:17:15 IST" name="tearDownReport" finished-at="2025-07-24T18:17:16 IST" duration-ms="839" status="PASS">
          <reporter-output>
          </reporter-output>
        </test-method> <!-- tearDownReport -->
      </class> <!-- tests.SignUpButtonTest -->
    </test> <!-- Default test -->
  </suite> <!-- Default suite -->
</testng-results>
